<?xml version="1.0" encoding="UTF-8"?>
<testng-results ignored="0" total="2" passed="2" failed="0" skipped="0">
  <reporter-output>
  </reporter-output>
  <suite started-at="2021-06-05T19:18:14 IST" name="Suite" finished-at="2021-06-05T19:19:40 IST" duration-ms="86345">
    <groups>
    </groups>
    <test started-at="2021-06-05T19:18:14 IST" name="Test" finished-at="2021-06-05T19:19:40 IST" duration-ms="86345">
      <class name="com.Demoguru.TestCases.TC_003_AddCustomerTest">
        <test-method is-config="true" signature="setup(java.lang.String)[pri:0, instance:com.Demoguru.TestCases.TC_003_AddCustomerTest@460ebd80]" started-at="2021-06-05T19:18:58 IST" name="setup" finished-at="2021-06-05T19:19:23 IST" duration-ms="25343" status="PASS">
          <params>
            <param index="0">
              <value>
                <![CDATA[chrome]]>
              </value>
            </param>
          </params>
          <reporter-output>
          </reporter-output>
        </test-method> <!-- setup -->
        <test-method signature="addNewCustomer()[pri:0, instance:com.Demoguru.TestCases.TC_003_AddCustomerTest@460ebd80]" started-at="2021-06-05T19:19:23 IST" name="addNewCustomer" finished-at="2021-06-05T19:19:39 IST" duration-ms="15712" status="PASS">
          <reporter-output>
          </reporter-output>
        </test-method> <!-- addNewCustomer -->
        <test-method is-config="true" signature="tearDown()[pri:0, instance:com.Demoguru.TestCases.TC_003_AddCustomerTest@460ebd80]" started-at="2021-06-05T19:19:39 IST" name="tearDown" finished-at="2021-06-05T19:19:40 IST" duration-ms="1354" status="PASS">
          <reporter-output>
          </reporter-output>
        </test-method> <!-- tearDown -->
      </class> <!-- com.Demoguru.TestCases.TC_003_AddCustomerTest -->
      <class name="com.Demoguru.TestCases.TC_001_Login">
        <test-method is-config="true" signature="setup(java.lang.String)[pri:0, instance:com.Demoguru.TestCases.TC_001_Login@6436a7db]" started-at="2021-06-05T19:18:14 IST" name="setup" finished-at="2021-06-05T19:18:47 IST" duration-ms="32936" status="PASS">
          <params>
            <param index="0">
              <value>
                <![CDATA[chrome]]>
              </value>
            </param>
          </params>
          <reporter-output>
          </reporter-output>
        </test-method> <!-- setup -->
        <test-method signature="LoginTest()[pri:0, instance:com.Demoguru.TestCases.TC_001_Login@6436a7db]" started-at="2021-06-05T19:18:47 IST" name="LoginTest" finished-at="2021-06-05T19:18:56 IST" duration-ms="9176" status="PASS">
          <reporter-output>
          </reporter-output>
        </test-method> <!-- LoginTest -->
        <test-method is-config="true" signature="tearDown()[pri:0, instance:com.Demoguru.TestCases.TC_001_Login@6436a7db]" started-at="2021-06-05T19:18:56 IST" name="tearDown" finished-at="2021-06-05T19:18:58 IST" duration-ms="1782" status="PASS">
          <reporter-output>
          </reporter-output>
        </test-method> <!-- tearDown -->
      </class> <!-- com.Demoguru.TestCases.TC_001_Login -->
    </test> <!-- Test -->
  </suite> <!-- Suite -->
</testng-results>
