<?xml version="1.0" encoding="UTF-8"?>
<testsuite xmlns:xsi="http://www.w3.org/2001/XMLSchema-instance" xsi:noNamespaceSchemaLocation="https://maven.apache.org/surefire/maven-surefire-plugin/xsd/surefire-test-report.xsd" name="TestSuite" time="146.078" tests="4" errors="0" skipped="2" failures="1">
  <properties>
[...]
</properties>
  <testcase name="setup" classname="com.Demoguru.TestCases.TC_001_Login" time="33.837">
    <failure message="Timed out waiting for driver server to start.&#10;Build info: version: &apos;3.141.5&apos;, revision: &apos;d54ebd709a&apos;, time: &apos;2018-11-06T11:42:16&apos;&#10;System info: host: &apos;DESKTOP-7GCNJAG&apos;, ip: &apos;192.168.1.103&apos;, os.name: &apos;Windows 10&apos;, os.arch: &apos;amd64&apos;, os.version: &apos;10.0&apos;, java.version: &apos;15.0.1&apos;&#10;Driver info: driver.version: ChromeDriver" type="org.openqa.selenium.WebDriverException">org.openqa.selenium.WebDriverException: 
Timed out waiting for driver server to start.
Build info: version: '3.141.5', revision: 'd54ebd709a', time: '2018-11-06T11:42:16'
System info: host: 'DESKTOP-7GCNJAG', ip: '192.168.1.103', os.name: 'Windows 10', os.arch: 'amd64', os.version: '10.0', java.version: '15.0.1'
Driver info: driver.version: ChromeDriver
Caused by: org.openqa.selenium.net.UrlChecker$TimeoutException: Timed out waiting for [http://localhost:42162/status] to be available after 20018 ms
Caused by: java.util.concurrent.TimeoutException
</failure>
    <system-out><![CDATA[http://demo.guru99.com/v4
mngr330489
ugybunU
http://demo.guru99.com/v4
mngr330489
ugybunU
http://demo.guru99.com/v4
mngr330489
ugybunU
]]></system-out>
  </testcase>
  <testcase name="LoginTest" classname="com.Demoguru.TestCases.TC_001_Login" time="0">
    <skipped message="Timed out waiting for driver server to start.&#10;Build info: version: &apos;3.141.5&apos;, revision: &apos;d54ebd709a&apos;, time: &apos;2018-11-06T11:42:16&apos;&#10;System info: host: &apos;DESKTOP-7GCNJAG&apos;, ip: &apos;192.168.1.103&apos;, os.name: &apos;Windows 10&apos;, os.arch: &apos;amd64&apos;, os.version: &apos;10.0&apos;, java.version: &apos;15.0.1&apos;&#10;Driver info: driver.version: ChromeDriver"/>
    <system-out><![CDATA[Test Started Successfully
]]></system-out>
  </testcase>
  <testcase name="tearDown" classname="com.Demoguru.TestCases.TC_001_Login" time="0">
    <skipped/>
  </testcase>
  <testcase name="addNewCustomer" classname="com.Demoguru.TestCases.TC_003_AddCustomerTest" time="17.54"/>
</testsuite>